MPASM  5.37                   INTERRUPçãO.ASM   8-18-2015  2:59:16         PAGE  1


LOC  OBJECT CODE     LINE SOURCE TEXT
  VALUE

Warning[205]: Found directive in column 1. (INCLUDE)
                      00001 INCLUDE <P16F873A.INC>                          
                      00001         LIST
                      00002 ; P16F873A.INC  Standard Header File, Version 1.00    Microchip Technology, Inc.
                      00384         LIST
                      00002           CBLOCK 0X20                   
  00000020            00003           W_AUX
  00000021            00004           S_AUX
  00000022            00005           CONT
                      00006           ENDC                ;Declaraçâo das variáveis
                      00007 
Warning[205]: Found directive in column 1. (ORG)
0000                  00008 ORG 0X00                      ;Vetor de reset
0000   2815           00009                   GOTO INICIO         ;Vá para o início
                      00010 
Warning[205]: Found directive in column 1. (ORG)
0004                  00011 ORG 0X04                      ;Vetor de interrupção
0004   00A0           00012           MOVWF W_AUX         ;Salva o valor de W
0005   0E03           00013           SWAPF STATUS, W               
0006   00A1           00014           MOVWF S_AUX         ;Salva o valor de STATUS
Message[305]: Using default destination of 1 (file).
0007   0BA2           00015           DECFSZ CONT         ;Cont-1 = 0?
0008   280D           00016           GOTO SAI            ;Nâo, sai da interrupçâo
0009   3002           00017           MOVLW B'00000010'          
000A   0686           00018           XORWF PORTB, F      ;Sim inverte LED
000B   307D           00019           MOVLW .125
000C   00A2           00020           MOVWF CONT          ;Colocar 125 em CONT
000D   110B           00021 SAI       BCF INTCON, 0X02    ;Limpar flag TOIF
000E   3083           00022           MOVLW .131
000F   0081           00023           MOVWF TMR0          ;Colocar 131 em TIMER0 
0010   0E21           00024           SWAPF S_AUX, W
0011   0083           00025           MOVWF STATUS        ;Recupera STATUS
0012   0EA0           00026           SWAPF W_AUX, F      
0013   0E20           00027           SWAPF W_AUX, W      ;Recupera W
0014   0009           00028           RETFIE              ;Retorna da interrupção
                      00029 
0015   1683           00030 INICIO    BSF STATUS, 0X05    ;Vá para o banco 1
0016   30F9           00031           MOVLW B'11111001'
Message[302]: Register in operand not in bank 0.  Ensure that bank bits are correct.
0017   0086           00032           MOVWF TRISB         ;Rb0 como entrada e Rb1 e Rb2 como saída
0018   3084           00033           MOVLW B'10000100'    
Message[302]: Register in operand not in bank 0.  Ensure that bank bits are correct.
0019   0081           00034           MOVWF OPTION_REG    ;Prescaler em 1:32     
001A   1283           00035           BCF STATUS, 0X05    ;Vá para o banco 0
001B   307D           00036           MOVLW .125
001C   00A2           00037           MOVWF CONT          ;Colocar 125 em CONT
001D   3083           00038           MOVLW .131
001E   0081           00039           MOVWF TMR0          ;Colocar 125 em TIMER0         
001F   30A0           00040           MOVLW B'10100000' 
0020   008B           00041           MOVWF INTCON        ;Habilitar interrupçôes
                      00042 
0021   1106           00043 PROGRAMA  BCF PORTB, 0X02     ;Apagar LED 2
0022   1806           00044           BTFSC PORTB, 0X00   ;Botoeira apertada?
MPASM  5.37                   INTERRUPçãO.ASM   8-18-2015  2:59:16         PAGE  2


LOC  OBJECT CODE     LINE SOURCE TEXT
  VALUE

0023   2821           00045           GOTO PROGRAMA       ;Não, nada a fazer
0024   1506           00046 LED_ON    BSF PORTB, 0X02     ;Sim, acender LED
0025   1C06           00047           BTFSS PORTB, 0X00   ;Botoeira solta?
0026   2824           00048           GOTO LED_ON         ;Nâo, LED aceso
0027   2821           00049           GOTO PROGRAMA       ;Sim, voltar ao começo
                      00050 
Warning[205]: Found directive in column 1. (END)
                      00051 END
MPASM  5.37                   INTERRUPçãO.ASM   8-18-2015  2:59:16         PAGE  3


SYMBOL TABLE
  LABEL                             VALUE 

ACKDT                             00000005
ACKEN                             00000004
ACKSTAT                           00000006
ADCON0                            0000001F
ADCON1                            0000009F
ADCS0                             00000006
ADCS1                             00000007
ADCS2                             00000006
ADDEN                             00000003
ADFM                              00000007
ADIE                              00000006
ADIF                              00000006
ADON                              00000000
ADRESH                            0000001E
ADRESL                            0000009E
BCLIE                             00000003
BCLIF                             00000003
BF                                00000000
BRGH                              00000002
C                                 00000000
C1INV                             00000004
C1OUT                             00000006
C2INV                             00000005
C2OUT                             00000007
CCP1CON                           00000017
CCP1IE                            00000002
CCP1IF                            00000002
CCP1M0                            00000000
CCP1M1                            00000001
CCP1M2                            00000002
CCP1M3                            00000003
CCP1X                             00000005
CCP1Y                             00000004
CCP2CON                           0000001D
CCP2IE                            00000000
CCP2IF                            00000000
CCP2M0                            00000000
CCP2M1                            00000001
CCP2M2                            00000002
CCP2M3                            00000003
CCP2X                             00000005
CCP2Y                             00000004
CCPR1H                            00000016
CCPR1L                            00000015
CCPR2H                            0000001C
CCPR2L                            0000001B
CHS0                              00000003
CHS1                              00000004
CHS2                              00000005
CIS                               00000003
CKE                               00000006
CKP                               00000004
CM0                               00000000
MPASM  5.37                   INTERRUPçãO.ASM   8-18-2015  2:59:16         PAGE  4


SYMBOL TABLE
  LABEL                             VALUE 

CM1                               00000001
CM2                               00000002
CMCON                             0000009C
CMIE                              00000006
CMIF                              00000006
CONT                              00000022
CREN                              00000004
CSRC                              00000007
CVR0                              00000000
CVR1                              00000001
CVR2                              00000002
CVR3                              00000003
CVRCON                            0000009D
CVREN                             00000007
CVROE                             00000006
CVRR                              00000005
D                                 00000005
DATA_ADDRESS                      00000005
DC                                00000001
D_A                               00000005
EEADR                             0000010D
EEADRH                            0000010F
EECON1                            0000018C
EECON2                            0000018D
EEDATA                            0000010C
EEDATH                            0000010E
EEIE                              00000004
EEIF                              00000004
EEPGD                             00000007
F                                 00000001
FERR                              00000002
FSR                               00000004
GCEN                              00000007
GIE                               00000007
GO                                00000002
GO_DONE                           00000002
I2C_DATA                          00000005
I2C_READ                          00000002
I2C_START                         00000003
I2C_STOP                          00000004
INDF                              00000000
INICIO                            00000015
INTCON                            0000000B
INTE                              00000004
INTEDG                            00000006
INTF                              00000001
IRP                               00000007
LED_ON                            00000024
NOT_A                             00000005
NOT_ADDRESS                       00000005
NOT_BO                            00000000
NOT_BOR                           00000000
NOT_DONE                          00000002
MPASM  5.37                   INTERRUPçãO.ASM   8-18-2015  2:59:16         PAGE  5


SYMBOL TABLE
  LABEL                             VALUE 

NOT_PD                            00000003
NOT_POR                           00000001
NOT_RBPU                          00000007
NOT_RC8                           00000006
NOT_T1SYNC                        00000002
NOT_TO                            00000004
NOT_TX8                           00000006
NOT_W                             00000002
NOT_WRITE                         00000002
OERR                              00000001
OPTION_REG                        00000081
P                                 00000004
PCFG0                             00000000
PCFG1                             00000001
PCFG2                             00000002
PCFG3                             00000003
PCL                               00000002
PCLATH                            0000000A
PCON                              0000008E
PEIE                              00000006
PEN                               00000002
PIE1                              0000008C
PIE2                              0000008D
PIR1                              0000000C
PIR2                              0000000D
PORTA                             00000005
PORTB                             00000006
PORTC                             00000007
PR2                               00000092
PROGRAMA                          00000021
PS0                               00000000
PS1                               00000001
PS2                               00000002
PSA                               00000003
R                                 00000002
RBIE                              00000003
RBIF                              00000000
RC8_9                             00000006
RC9                               00000006
RCD8                              00000000
RCEN                              00000003
RCIE                              00000005
RCIF                              00000005
RCREG                             0000001A
RCSTA                             00000018
RD                                00000000
READ_WRITE                        00000002
RP0                               00000005
RP1                               00000006
RSEN                              00000001
RX9                               00000006
RX9D                              00000000
R_W                               00000002
MPASM  5.37                   INTERRUPçãO.ASM   8-18-2015  2:59:16         PAGE  6


SYMBOL TABLE
  LABEL                             VALUE 

S                                 00000003
SAI                               0000000D
SEN                               00000000
SMP                               00000007
SPBRG                             00000099
SPEN                              00000007
SREN                              00000005
SSPADD                            00000093
SSPBUF                            00000013
SSPCON                            00000014
SSPCON2                           00000091
SSPEN                             00000005
SSPIE                             00000003
SSPIF                             00000003
SSPM0                             00000000
SSPM1                             00000001
SSPM2                             00000002
SSPM3                             00000003
SSPOV                             00000006
SSPSTAT                           00000094
STATUS                            00000003
SYNC                              00000004
S_AUX                             00000021
T0CS                              00000005
T0IE                              00000005
T0IF                              00000002
T0SE                              00000004
T1CKPS0                           00000004
T1CKPS1                           00000005
T1CON                             00000010
T1INSYNC                          00000002
T1OSCEN                           00000003
T1SYNC                            00000002
T2CKPS0                           00000000
T2CKPS1                           00000001
T2CON                             00000012
TMR0                              00000001
TMR0IE                            00000005
TMR0IF                            00000002
TMR1CS                            00000001
TMR1H                             0000000F
TMR1IE                            00000000
TMR1IF                            00000000
TMR1L                             0000000E
TMR1ON                            00000000
TMR2                              00000011
TMR2IE                            00000001
TMR2IF                            00000001
TMR2ON                            00000002
TOUTPS0                           00000003
TOUTPS1                           00000004
TOUTPS2                           00000005
TOUTPS3                           00000006
MPASM  5.37                   INTERRUPçãO.ASM   8-18-2015  2:59:16         PAGE  7


SYMBOL TABLE
  LABEL                             VALUE 

TRISA                             00000085
TRISB                             00000086
TRISC                             00000087
TRMT                              00000001
TX8_9                             00000006
TX9                               00000006
TX9D                              00000000
TXD8                              00000000
TXEN                              00000005
TXIE                              00000004
TXIF                              00000004
TXREG                             00000019
TXSTA                             00000098
UA                                00000001
W                                 00000000
WCOL                              00000007
WR                                00000001
WREN                              00000002
WRERR                             00000003
W_AUX                             00000020
Z                                 00000002
_BODEN_OFF                        00003FBF
_BODEN_ON                         00003FFF
_CPD_OFF                          00003FFF
_CPD_ON                           00003EFF
_CP_ALL                           00001FFF
_CP_OFF                           00003FFF
_DEBUG_OFF                        00003FFF
_DEBUG_ON                         000037FF
_HS_OSC                           00003FFE
_LP_OSC                           00003FFC
_LVP_OFF                          00003F7F
_LVP_ON                           00003FFF
_PWRTE_OFF                        00003FFF
_PWRTE_ON                         00003FF7
_RC_OSC                           00003FFF
_WDT_OFF                          00003FFB
_WDT_ON                           00003FFF
_WRT_1FOURTH                      00003BFF
_WRT_256                          00003DFF
_WRT_HALF                         000039FF
_WRT_OFF                          00003FFF
_XT_OSC                           00003FFD
__16F873A                         00000001
__DEBUG                           1
MPASM  5.37                   INTERRUPçãO.ASM   8-18-2015  2:59:16         PAGE  8


MEMORY USAGE MAP ('X' = Used,  '-' = Unused)


0000 : X---XXXXXXXXXXXX XXXXXXXXXXXXXXXX XXXXXXXX-------- ----------------

All other memory blocks unused.

Program Memory Words Used:    37
Program Memory Words Free:  4059


Errors   :     0
Warnings :     4 reported,     0 suppressed
Messages :     3 reported,     0 suppressed

